This file contains any messages produced by compilers while
running configure, to aid debugging if configure makes a mistake.

It was created by icsiboost configure 0.3c, which was
generated by GNU Autoconf 2.69.  Invocation command line was

  $ ./configure --prefix=/home/turing CFLAGS=-O3

## --------- ##
## Platform. ##
## --------- ##

hostname = turing-pc
uname -m = x86_64
uname -r = 5.8.0-38-generic
uname -s = Linux
uname -v = #43~20.04.1-Ubuntu SMP Tue Jan 12 16:39:47 UTC 2021

/usr/bin/uname -p = x86_64
/bin/uname -X     = unknown

/bin/arch              = x86_64
/usr/bin/arch -k       = unknown
/usr/convex/getsysinfo = unknown
/usr/bin/hostinfo      = unknown
/bin/machine           = unknown
/usr/bin/oslevel       = unknown
/bin/universe          = unknown

PATH: /home/turing/anaconda3/condabin
PATH: /usr/local/sbin
PATH: /usr/local/bin
PATH: /usr/sbin
PATH: /usr/bin
PATH: /sbin
PATH: /bin
PATH: /usr/games
PATH: /usr/local/games
PATH: /snap/bin


## ----------- ##
## Core tests. ##
## ----------- ##

configure:2304: checking for a BSD-compatible install
configure:2372: result: /usr/bin/install -c
configure:2383: checking whether build environment is sane
configure:2438: result: yes
configure:2474: WARNING: 'missing' script is too old or missing
configure:2587: checking for a thread-safe mkdir -p
configure:2626: result: /usr/bin/mkdir -p
configure:2633: checking for gawk
configure:2663: result: no
configure:2633: checking for mawk
configure:2649: found /usr/bin/mawk
configure:2660: result: mawk
configure:2671: checking whether make sets $(MAKE)
configure:2693: result: yes
configure:2722: checking whether make supports nested variables
configure:2739: result: yes
configure:2925: checking for gcc
configure:2941: found /usr/bin/gcc
configure:2952: result: gcc
configure:3181: checking for C compiler version
configure:3190: gcc --version >&5
gcc (Ubuntu 9.3.0-17ubuntu1~20.04) 9.3.0
Copyright (C) 2019 Free Software Foundation, Inc.
This is free software; see the source for copying conditions.  There is NO
warranty; not even for MERCHANTABILITY or FITNESS FOR A PARTICULAR PURPOSE.

configure:3201: $? = 0
configure:3190: gcc -v >&5
Using built-in specs.
COLLECT_GCC=gcc
COLLECT_LTO_WRAPPER=/usr/lib/gcc/x86_64-linux-gnu/9/lto-wrapper
OFFLOAD_TARGET_NAMES=nvptx-none:hsa
OFFLOAD_TARGET_DEFAULT=1
Target: x86_64-linux-gnu
Configured with: ../src/configure -v --with-pkgversion='Ubuntu 9.3.0-17ubuntu1~20.04' --with-bugurl=file:///usr/share/doc/gcc-9/README.Bugs --enable-languages=c,ada,c++,go,brig,d,fortran,objc,obj-c++,gm2 --prefix=/usr --with-gcc-major-version-only --program-suffix=-9 --program-prefix=x86_64-linux-gnu- --enable-shared --enable-linker-build-id --libexecdir=/usr/lib --without-included-gettext --enable-threads=posix --libdir=/usr/lib --enable-nls --enable-clocale=gnu --enable-libstdcxx-debug --enable-libstdcxx-time=yes --with-default-libstdcxx-abi=new --enable-gnu-unique-object --disable-vtable-verify --enable-plugin --enable-default-pie --with-system-zlib --with-target-system-zlib=auto --enable-objc-gc=auto --enable-multiarch --disable-werror --with-arch-32=i686 --with-abi=m64 --with-multilib-list=m32,m64,mx32 --enable-multilib --with-tune=generic --enable-offload-targets=nvptx-none=/build/gcc-9-HskZEa/gcc-9-9.3.0/debian/tmp-nvptx/usr,hsa --without-cuda-driver --enable-checking=release --build=x86_64-linux-gnu --host=x86_64-linux-gnu --target=x86_64-linux-gnu
Thread model: posix
gcc version 9.3.0 (Ubuntu 9.3.0-17ubuntu1~20.04) 
configure:3201: $? = 0
configure:3190: gcc -V >&5
gcc: error: unrecognized command line option '-V'
gcc: fatal error: no input files
compilation terminated.
configure:3201: $? = 1
configure:3190: gcc -qversion >&5
gcc: error: unrecognized command line option '-qversion'; did you mean '--version'?
gcc: fatal error: no input files
compilation terminated.
configure:3201: $? = 1
configure:3221: checking whether the C compiler works
configure:3243: gcc -O3   conftest.c  >&5
configure:3247: $? = 0
configure:3295: result: yes
configure:3298: checking for C compiler default output file name
configure:3300: result: a.out
configure:3306: checking for suffix of executables
configure:3313: gcc -o conftest -O3   conftest.c  >&5
configure:3317: $? = 0
configure:3339: result: 
configure:3361: checking whether we are cross compiling
configure:3369: gcc -o conftest -O3   conftest.c  >&5
configure:3373: $? = 0
configure:3380: ./conftest
configure:3384: $? = 0
configure:3372: result: no
configure:3377: checking for suffix of object files
configure:3399: gcc -c -O3  conftest.c >&5
configure:3403: $? = 0
configure:3424: result: o
configure:3428: checking whether we are using the GNU C compiler
configure:3447: gcc -c -O3  conftest.c >&5
configure:3447: $? = 0
configure:3456: result: yes
configure:3465: checking whether gcc accepts -g
configure:3485: gcc -c -g  conftest.c >&5
configure:3485: $? = 0
configure:3526: result: yes
configure:3543: checking for gcc option to accept ISO C89
configure:3606: gcc  -c -O3  conftest.c >&5
configure:3606: $? = 0
configure:3619: result: none needed
configure:3644: checking whether gcc understands -c and -o together
configure:3666: gcc -c conftest.c -o conftest2.o
configure:3669: $? = 0
configure:3666: gcc -c conftest.c -o conftest2.o
configure:3669: $? = 0
configure:3681: result: yes
configure:3701: checking whether make supports the include directive
configure:3716: make -f confmf.GNU && cat confinc.out
this is the am__doit target
configure:3719: $? = 0
configure:3738: result: yes (GNU style)
configure:3763: checking dependency style of gcc
configure:3874: result: gcc3
configure:3947: checking for g++
configure:3963: found /usr/bin/g++
configure:3974: result: g++
configure:4001: checking for C++ compiler version
configure:4010: g++ --version >&5
g++ (Ubuntu 9.3.0-17ubuntu1~20.04) 9.3.0
Copyright (C) 2019 Free Software Foundation, Inc.
This is free software; see the source for copying conditions.  There is NO
warranty; not even for MERCHANTABILITY or FITNESS FOR A PARTICULAR PURPOSE.

configure:4021: $? = 0
configure:4010: g++ -v >&5
Using built-in specs.
COLLECT_GCC=g++
COLLECT_LTO_WRAPPER=/usr/lib/gcc/x86_64-linux-gnu/9/lto-wrapper
OFFLOAD_TARGET_NAMES=nvptx-none:hsa
OFFLOAD_TARGET_DEFAULT=1
Target: x86_64-linux-gnu
Configured with: ../src/configure -v --with-pkgversion='Ubuntu 9.3.0-17ubuntu1~20.04' --with-bugurl=file:///usr/share/doc/gcc-9/README.Bugs --enable-languages=c,ada,c++,go,brig,d,fortran,objc,obj-c++,gm2 --prefix=/usr --with-gcc-major-version-only --program-suffix=-9 --program-prefix=x86_64-linux-gnu- --enable-shared --enable-linker-build-id --libexecdir=/usr/lib --without-included-gettext --enable-threads=posix --libdir=/usr/lib --enable-nls --enable-clocale=gnu --enable-libstdcxx-debug --enable-libstdcxx-time=yes --with-default-libstdcxx-abi=new --enable-gnu-unique-object --disable-vtable-verify --enable-plugin --enable-default-pie --with-system-zlib --with-target-system-zlib=auto --enable-objc-gc=auto --enable-multiarch --disable-werror --with-arch-32=i686 --with-abi=m64 --with-multilib-list=m32,m64,mx32 --enable-multilib --with-tune=generic --enable-offload-targets=nvptx-none=/build/gcc-9-HskZEa/gcc-9-9.3.0/debian/tmp-nvptx/usr,hsa --without-cuda-driver --enable-checking=release --build=x86_64-linux-gnu --host=x86_64-linux-gnu --target=x86_64-linux-gnu
Thread model: posix
gcc version 9.3.0 (Ubuntu 9.3.0-17ubuntu1~20.04) 
configure:4021: $? = 0
configure:4010: g++ -V >&5
g++: error: unrecognized command line option '-V'
g++: fatal error: no input files
compilation terminated.
configure:4021: $? = 1
configure:4010: g++ -qversion >&5
g++: error: unrecognized command line option '-qversion'; did you mean '--version'?
g++: fatal error: no input files
compilation terminated.
configure:4021: $? = 1
configure:4025: checking whether we are using the GNU C++ compiler
configure:4044: g++ -c   conftest.cpp >&5
configure:4044: $? = 0
configure:4053: result: yes
configure:4062: checking whether g++ accepts -g
configure:4082: g++ -c -g  conftest.cpp >&5
configure:4082: $? = 0
configure:4123: result: yes
configure:4148: checking dependency style of g++
configure:4259: result: gcc3
configure:4278: checking for main in -lm
configure:4297: gcc -o conftest -O3   conftest.c -lm   >&5
configure:4297: $? = 0
configure:4306: result: yes
configure:4318: checking for main in -lpcre
configure:4337: gcc -o conftest -O3   conftest.c -lpcre  -lm  >&5
/usr/bin/ld: cannot find -lpcre
collect2: error: ld returned 1 exit status
configure:4337: $? = 1
configure: failed program was:
| /* confdefs.h */
| #define PACKAGE_NAME "icsiboost"
| #define PACKAGE_TARNAME "icsiboost"
| #define PACKAGE_VERSION "0.3c"
| #define PACKAGE_STRING "icsiboost 0.3c"
| #define PACKAGE_BUGREPORT "favre@icsi.berkeley.edu"
| #define PACKAGE_URL ""
| #define PACKAGE "icsiboost"
| #define VERSION "0.3c"
| #define HAVE_LIBM 1
| /* end confdefs.h.  */
| 
| 
| int
| main ()
| {
| return main ();
|   ;
|   return 0;
| }
configure:4346: result: no
configure:4358: checking for main in -lpthread
configure:4377: gcc -o conftest -O3   conftest.c -lpthread  -lm  >&5
configure:4377: $? = 0
configure:4386: result: yes
configure:4398: checking for main in -lz
configure:4417: gcc -o conftest -O3   conftest.c -lz  -lpthread -lm  >&5
/usr/bin/ld: cannot find -lz
collect2: error: ld returned 1 exit status
configure:4417: $? = 1
configure: failed program was:
| /* confdefs.h */
| #define PACKAGE_NAME "icsiboost"
| #define PACKAGE_TARNAME "icsiboost"
| #define PACKAGE_VERSION "0.3c"
| #define PACKAGE_STRING "icsiboost 0.3c"
| #define PACKAGE_BUGREPORT "favre@icsi.berkeley.edu"
| #define PACKAGE_URL ""
| #define PACKAGE "icsiboost"
| #define VERSION "0.3c"
| #define HAVE_LIBM 1
| #define HAVE_LIBPTHREAD 1
| /* end confdefs.h.  */
| 
| 
| int
| main ()
| {
| return main ();
|   ;
|   return 0;
| }
configure:4426: result: no
configure:4444: checking how to run the C preprocessor
configure:4475: gcc -E  conftest.c
configure:4475: $? = 0
configure:4489: gcc -E  conftest.c
conftest.c:13:10: fatal error: ac_nonexistent.h: No such file or directory
   13 | #include <ac_nonexistent.h>
      |          ^~~~~~~~~~~~~~~~~~
compilation terminated.
configure:4489: $? = 1
configure: failed program was:
| /* confdefs.h */
| #define PACKAGE_NAME "icsiboost"
| #define PACKAGE_TARNAME "icsiboost"
| #define PACKAGE_VERSION "0.3c"
| #define PACKAGE_STRING "icsiboost 0.3c"
| #define PACKAGE_BUGREPORT "favre@icsi.berkeley.edu"
| #define PACKAGE_URL ""
| #define PACKAGE "icsiboost"
| #define VERSION "0.3c"
| #define HAVE_LIBM 1
| #define HAVE_LIBPTHREAD 1
| /* end confdefs.h.  */
| #include <ac_nonexistent.h>
configure:4514: result: gcc -E
configure:4534: gcc -E  conftest.c
configure:4534: $? = 0
configure:4548: gcc -E  conftest.c
conftest.c:13:10: fatal error: ac_nonexistent.h: No such file or directory
   13 | #include <ac_nonexistent.h>
      |          ^~~~~~~~~~~~~~~~~~
compilation terminated.
configure:4548: $? = 1
configure: failed program was:
| /* confdefs.h */
| #define PACKAGE_NAME "icsiboost"
| #define PACKAGE_TARNAME "icsiboost"
| #define PACKAGE_VERSION "0.3c"
| #define PACKAGE_STRING "icsiboost 0.3c"
| #define PACKAGE_BUGREPORT "favre@icsi.berkeley.edu"
| #define PACKAGE_URL ""
| #define PACKAGE "icsiboost"
| #define VERSION "0.3c"
| #define HAVE_LIBM 1
| #define HAVE_LIBPTHREAD 1
| /* end confdefs.h.  */
| #include <ac_nonexistent.h>
configure:4577: checking for grep that handles long lines and -e
configure:4635: result: /usr/bin/grep
configure:4640: checking for egrep
configure:4702: result: /usr/bin/grep -E
configure:4707: checking for ANSI C header files
configure:4727: gcc -c -O3  conftest.c >&5
configure:4727: $? = 0
configure:4800: gcc -o conftest -O3   conftest.c -lpthread -lm  >&5
configure:4800: $? = 0
configure:4800: ./conftest
configure:4800: $? = 0
configure:4811: result: yes
configure:4819: checking for sys/wait.h that is POSIX.1 compatible
configure:4845: gcc -c -O3  conftest.c >&5
configure:4845: $? = 0
configure:4852: result: yes
configure:4865: checking for sys/types.h
configure:4865: gcc -c -O3  conftest.c >&5
configure:4865: $? = 0
configure:4865: result: yes
configure:4865: checking for sys/stat.h
configure:4865: gcc -c -O3  conftest.c >&5
configure:4865: $? = 0
configure:4865: result: yes
configure:4865: checking for stdlib.h
configure:4865: gcc -c -O3  conftest.c >&5
configure:4865: $? = 0
configure:4865: result: yes
configure:4865: checking for string.h
configure:4865: gcc -c -O3  conftest.c >&5
configure:4865: $? = 0
configure:4865: result: yes
configure:4865: checking for memory.h
configure:4865: gcc -c -O3  conftest.c >&5
configure:4865: $? = 0
configure:4865: result: yes
configure:4865: checking for strings.h
configure:4865: gcc -c -O3  conftest.c >&5
configure:4865: $? = 0
configure:4865: result: yes
configure:4865: checking for inttypes.h
configure:4865: gcc -c -O3  conftest.c >&5
configure:4865: $? = 0
configure:4865: result: yes
configure:4865: checking for stdint.h
configure:4865: gcc -c -O3  conftest.c >&5
configure:4865: $? = 0
configure:4865: result: yes
configure:4865: checking for unistd.h
configure:4865: gcc -c -O3  conftest.c >&5
configure:4865: $? = 0
configure:4865: result: yes
configure:4880: checking fcntl.h usability
configure:4880: gcc -c -O3  conftest.c >&5
configure:4880: $? = 0
configure:4880: result: yes
configure:4880: checking fcntl.h presence
configure:4880: gcc -E  conftest.c
configure:4880: $? = 0
configure:4880: result: yes
configure:4880: checking for fcntl.h
configure:4880: result: yes
configure:4880: checking for stdint.h
configure:4880: result: yes
configure:4880: checking for stdlib.h
configure:4880: result: yes
configure:4880: checking for string.h
configure:4880: result: yes
configure:4880: checking for unistd.h
configure:4880: result: yes
configure:4892: checking for an ANSI C-conforming const
configure:4958: gcc -c -O3  conftest.c >&5
configure:4958: $? = 0
configure:4965: result: yes
configure:4973: checking for inline
configure:4989: gcc -c -O3  conftest.c >&5
configure:4989: $? = 0
configure:4997: result: inline
configure:5015: checking for off_t
configure:5015: gcc -c -O3  conftest.c >&5
configure:5015: $? = 0
configure:5015: gcc -c -O3  conftest.c >&5
conftest.c: In function 'main':
conftest.c:65:20: error: expected expression before ')' token
   65 | if (sizeof ((off_t)))
      |                    ^
configure:5015: $? = 1
configure: failed program was:
| /* confdefs.h */
| #define PACKAGE_NAME "icsiboost"
| #define PACKAGE_TARNAME "icsiboost"
| #define PACKAGE_VERSION "0.3c"
| #define PACKAGE_STRING "icsiboost 0.3c"
| #define PACKAGE_BUGREPORT "favre@icsi.berkeley.edu"
| #define PACKAGE_URL ""
| #define PACKAGE "icsiboost"
| #define VERSION "0.3c"
| #define HAVE_LIBM 1
| #define HAVE_LIBPTHREAD 1
| #define STDC_HEADERS 1
| #define HAVE_SYS_WAIT_H 1
| #define HAVE_SYS_TYPES_H 1
| #define HAVE_SYS_STAT_H 1
| #define HAVE_STDLIB_H 1
| #define HAVE_STRING_H 1
| #define HAVE_MEMORY_H 1
| #define HAVE_STRINGS_H 1
| #define HAVE_INTTYPES_H 1
| #define HAVE_STDINT_H 1
| #define HAVE_UNISTD_H 1
| #define HAVE_FCNTL_H 1
| #define HAVE_STDINT_H 1
| #define HAVE_STDLIB_H 1
| #define HAVE_STRING_H 1
| #define HAVE_UNISTD_H 1
| /* end confdefs.h.  */
| #include <stdio.h>
| #ifdef HAVE_SYS_TYPES_H
| # include <sys/types.h>
| #endif
| #ifdef HAVE_SYS_STAT_H
| # include <sys/stat.h>
| #endif
| #ifdef STDC_HEADERS
| # include <stdlib.h>
| # include <stddef.h>
| #else
| # ifdef HAVE_STDLIB_H
| #  include <stdlib.h>
| # endif
| #endif
| #ifdef HAVE_STRING_H
| # if !defined STDC_HEADERS && defined HAVE_MEMORY_H
| #  include <memory.h>
| # endif
| # include <string.h>
| #endif
| #ifdef HAVE_STRINGS_H
| # include <strings.h>
| #endif
| #ifdef HAVE_INTTYPES_H
| # include <inttypes.h>
| #endif
| #ifdef HAVE_STDINT_H
| # include <stdint.h>
| #endif
| #ifdef HAVE_UNISTD_H
| # include <unistd.h>
| #endif
| int
| main ()
| {
| if (sizeof ((off_t)))
| 	    return 0;
|   ;
|   return 0;
| }
configure:5015: result: yes
configure:5026: checking for size_t
configure:5026: gcc -c -O3  conftest.c >&5
configure:5026: $? = 0
configure:5026: gcc -c -O3  conftest.c >&5
conftest.c: In function 'main':
conftest.c:65:21: error: expected expression before ')' token
   65 | if (sizeof ((size_t)))
      |                     ^
configure:5026: $? = 1
configure: failed program was:
| /* confdefs.h */
| #define PACKAGE_NAME "icsiboost"
| #define PACKAGE_TARNAME "icsiboost"
| #define PACKAGE_VERSION "0.3c"
| #define PACKAGE_STRING "icsiboost 0.3c"
| #define PACKAGE_BUGREPORT "favre@icsi.berkeley.edu"
| #define PACKAGE_URL ""
| #define PACKAGE "icsiboost"
| #define VERSION "0.3c"
| #define HAVE_LIBM 1
| #define HAVE_LIBPTHREAD 1
| #define STDC_HEADERS 1
| #define HAVE_SYS_WAIT_H 1
| #define HAVE_SYS_TYPES_H 1
| #define HAVE_SYS_STAT_H 1
| #define HAVE_STDLIB_H 1
| #define HAVE_STRING_H 1
| #define HAVE_MEMORY_H 1
| #define HAVE_STRINGS_H 1
| #define HAVE_INTTYPES_H 1
| #define HAVE_STDINT_H 1
| #define HAVE_UNISTD_H 1
| #define HAVE_FCNTL_H 1
| #define HAVE_STDINT_H 1
| #define HAVE_STDLIB_H 1
| #define HAVE_STRING_H 1
| #define HAVE_UNISTD_H 1
| /* end confdefs.h.  */
| #include <stdio.h>
| #ifdef HAVE_SYS_TYPES_H
| # include <sys/types.h>
| #endif
| #ifdef HAVE_SYS_STAT_H
| # include <sys/stat.h>
| #endif
| #ifdef STDC_HEADERS
| # include <stdlib.h>
| # include <stddef.h>
| #else
| # ifdef HAVE_STDLIB_H
| #  include <stdlib.h>
| # endif
| #endif
| #ifdef HAVE_STRING_H
| # if !defined STDC_HEADERS && defined HAVE_MEMORY_H
| #  include <memory.h>
| # endif
| # include <string.h>
| #endif
| #ifdef HAVE_STRINGS_H
| # include <strings.h>
| #endif
| #ifdef HAVE_INTTYPES_H
| # include <inttypes.h>
| #endif
| #ifdef HAVE_STDINT_H
| # include <stdint.h>
| #endif
| #ifdef HAVE_UNISTD_H
| # include <unistd.h>
| #endif
| int
| main ()
| {
| if (sizeof ((size_t)))
| 	    return 0;
|   ;
|   return 0;
| }
configure:5026: result: yes
configure:5039: checking for pid_t
configure:5039: gcc -c -O3  conftest.c >&5
configure:5039: $? = 0
configure:5039: gcc -c -O3  conftest.c >&5
conftest.c: In function 'main':
conftest.c:65:20: error: expected expression before ')' token
   65 | if (sizeof ((pid_t)))
      |                    ^
configure:5039: $? = 1
configure: failed program was:
| /* confdefs.h */
| #define PACKAGE_NAME "icsiboost"
| #define PACKAGE_TARNAME "icsiboost"
| #define PACKAGE_VERSION "0.3c"
| #define PACKAGE_STRING "icsiboost 0.3c"
| #define PACKAGE_BUGREPORT "favre@icsi.berkeley.edu"
| #define PACKAGE_URL ""
| #define PACKAGE "icsiboost"
| #define VERSION "0.3c"
| #define HAVE_LIBM 1
| #define HAVE_LIBPTHREAD 1
| #define STDC_HEADERS 1
| #define HAVE_SYS_WAIT_H 1
| #define HAVE_SYS_TYPES_H 1
| #define HAVE_SYS_STAT_H 1
| #define HAVE_STDLIB_H 1
| #define HAVE_STRING_H 1
| #define HAVE_MEMORY_H 1
| #define HAVE_STRINGS_H 1
| #define HAVE_INTTYPES_H 1
| #define HAVE_STDINT_H 1
| #define HAVE_UNISTD_H 1
| #define HAVE_FCNTL_H 1
| #define HAVE_STDINT_H 1
| #define HAVE_STDLIB_H 1
| #define HAVE_STRING_H 1
| #define HAVE_UNISTD_H 1
| /* end confdefs.h.  */
| #include <stdio.h>
| #ifdef HAVE_SYS_TYPES_H
| # include <sys/types.h>
| #endif
| #ifdef HAVE_SYS_STAT_H
| # include <sys/stat.h>
| #endif
| #ifdef STDC_HEADERS
| # include <stdlib.h>
| # include <stddef.h>
| #else
| # ifdef HAVE_STDLIB_H
| #  include <stdlib.h>
| # endif
| #endif
| #ifdef HAVE_STRING_H
| # if !defined STDC_HEADERS && defined HAVE_MEMORY_H
| #  include <memory.h>
| # endif
| # include <string.h>
| #endif
| #ifdef HAVE_STRINGS_H
| # include <strings.h>
| #endif
| #ifdef HAVE_INTTYPES_H
| # include <inttypes.h>
| #endif
| #ifdef HAVE_STDINT_H
| # include <stdint.h>
| #endif
| #ifdef HAVE_UNISTD_H
| # include <unistd.h>
| #endif
| int
| main ()
| {
| if (sizeof ((pid_t)))
| 	    return 0;
|   ;
|   return 0;
| }
configure:5039: result: yes
configure:5052: checking vfork.h usability
configure:5052: gcc -c -O3  conftest.c >&5
conftest.c:62:10: fatal error: vfork.h: No such file or directory
   62 | #include <vfork.h>
      |          ^~~~~~~~~
compilation terminated.
configure:5052: $? = 1
configure: failed program was:
| /* confdefs.h */
| #define PACKAGE_NAME "icsiboost"
| #define PACKAGE_TARNAME "icsiboost"
| #define PACKAGE_VERSION "0.3c"
| #define PACKAGE_STRING "icsiboost 0.3c"
| #define PACKAGE_BUGREPORT "favre@icsi.berkeley.edu"
| #define PACKAGE_URL ""
| #define PACKAGE "icsiboost"
| #define VERSION "0.3c"
| #define HAVE_LIBM 1
| #define HAVE_LIBPTHREAD 1
| #define STDC_HEADERS 1
| #define HAVE_SYS_WAIT_H 1
| #define HAVE_SYS_TYPES_H 1
| #define HAVE_SYS_STAT_H 1
| #define HAVE_STDLIB_H 1
| #define HAVE_STRING_H 1
| #define HAVE_MEMORY_H 1
| #define HAVE_STRINGS_H 1
| #define HAVE_INTTYPES_H 1
| #define HAVE_STDINT_H 1
| #define HAVE_UNISTD_H 1
| #define HAVE_FCNTL_H 1
| #define HAVE_STDINT_H 1
| #define HAVE_STDLIB_H 1
| #define HAVE_STRING_H 1
| #define HAVE_UNISTD_H 1
| /* end confdefs.h.  */
| #include <stdio.h>
| #ifdef HAVE_SYS_TYPES_H
| # include <sys/types.h>
| #endif
| #ifdef HAVE_SYS_STAT_H
| # include <sys/stat.h>
| #endif
| #ifdef STDC_HEADERS
| # include <stdlib.h>
| # include <stddef.h>
| #else
| # ifdef HAVE_STDLIB_H
| #  include <stdlib.h>
| # endif
| #endif
| #ifdef HAVE_STRING_H
| # if !defined STDC_HEADERS && defined HAVE_MEMORY_H
| #  include <memory.h>
| # endif
| # include <string.h>
| #endif
| #ifdef HAVE_STRINGS_H
| # include <strings.h>
| #endif
| #ifdef HAVE_INTTYPES_H
| # include <inttypes.h>
| #endif
| #ifdef HAVE_STDINT_H
| # include <stdint.h>
| #endif
| #ifdef HAVE_UNISTD_H
| # include <unistd.h>
| #endif
| #include <vfork.h>
configure:5052: result: no
configure:5052: checking vfork.h presence
configure:5052: gcc -E  conftest.c
conftest.c:29:10: fatal error: vfork.h: No such file or directory
   29 | #include <vfork.h>
      |          ^~~~~~~~~
compilation terminated.
configure:5052: $? = 1
configure: failed program was:
| /* confdefs.h */
| #define PACKAGE_NAME "icsiboost"
| #define PACKAGE_TARNAME "icsiboost"
| #define PACKAGE_VERSION "0.3c"
| #define PACKAGE_STRING "icsiboost 0.3c"
| #define PACKAGE_BUGREPORT "favre@icsi.berkeley.edu"
| #define PACKAGE_URL ""
| #define PACKAGE "icsiboost"
| #define VERSION "0.3c"
| #define HAVE_LIBM 1
| #define HAVE_LIBPTHREAD 1
| #define STDC_HEADERS 1
| #define HAVE_SYS_WAIT_H 1
| #define HAVE_SYS_TYPES_H 1
| #define HAVE_SYS_STAT_H 1
| #define HAVE_STDLIB_H 1
| #define HAVE_STRING_H 1
| #define HAVE_MEMORY_H 1
| #define HAVE_STRINGS_H 1
| #define HAVE_INTTYPES_H 1
| #define HAVE_STDINT_H 1
| #define HAVE_UNISTD_H 1
| #define HAVE_FCNTL_H 1
| #define HAVE_STDINT_H 1
| #define HAVE_STDLIB_H 1
| #define HAVE_STRING_H 1
| #define HAVE_UNISTD_H 1
| /* end confdefs.h.  */
| #include <vfork.h>
configure:5052: result: no
configure:5052: checking for vfork.h
configure:5052: result: no
configure:5065: checking for fork
configure:5065: gcc -o conftest -O3   conftest.c -lpthread -lm  >&5
conftest.c:52:6: warning: conflicting types for built-in function 'fork'; expected 'int(void)' [-Wbuiltin-declaration-mismatch]
   52 | char fork ();
      |      ^~~~
configure:5065: $? = 0
configure:5065: result: yes
configure:5065: checking for vfork
configure:5065: gcc -o conftest -O3   conftest.c -lpthread -lm  >&5
configure:5065: $? = 0
configure:5065: result: yes
configure:5075: checking for working fork
configure:5097: gcc -o conftest -O3   conftest.c -lpthread -lm  >&5
configure:5097: $? = 0
configure:5097: ./conftest
configure:5097: $? = 0
configure:5107: result: yes
configure:5128: checking for working vfork
configure:5238: result: yes
configure:5263: checking for _LARGEFILE_SOURCE value needed for large files
configure:5282: gcc -o conftest -O3   conftest.c -lpthread -lm  >&5
configure:5282: $? = 0
configure:5310: result: no
configure:5331: checking for working memcmp
configure:5374: gcc -o conftest -O3   conftest.c -lpthread -lm  >&5
configure:5374: $? = 0
configure:5374: ./conftest
configure:5374: $? = 0
configure:5384: result: yes
configure:5399: checking for stdlib.h
configure:5399: result: yes
configure:5399: checking for unistd.h
configure:5399: result: yes
configure:5399: checking for sys/param.h
configure:5399: gcc -c -O3  conftest.c >&5
configure:5399: $? = 0
configure:5399: result: yes
configure:5419: checking for getpagesize
configure:5419: gcc -o conftest -O3   conftest.c -lpthread -lm  >&5
configure:5419: $? = 0
configure:5419: result: yes
configure:5428: checking for working mmap
configure:5577: gcc -o conftest -O3   conftest.c -lpthread -lm  >&5
configure:5577: $? = 0
configure:5577: ./conftest
configure:5577: $? = 0
configure:5587: result: yes
configure:5596: checking return type of signal handlers
configure:5614: gcc -c -O3  conftest.c >&5
conftest.c: In function 'main':
conftest.c:45:10: error: void value not ignored as it ought to be
   45 | return *(signal (0, 0)) (0) == 1;
      |         ~^~~~~~~~~~~~~~~~~~
configure:5614: $? = 1
configure: failed program was:
| /* confdefs.h */
| #define PACKAGE_NAME "icsiboost"
| #define PACKAGE_TARNAME "icsiboost"
| #define PACKAGE_VERSION "0.3c"
| #define PACKAGE_STRING "icsiboost 0.3c"
| #define PACKAGE_BUGREPORT "favre@icsi.berkeley.edu"
| #define PACKAGE_URL ""
| #define PACKAGE "icsiboost"
| #define VERSION "0.3c"
| #define HAVE_LIBM 1
| #define HAVE_LIBPTHREAD 1
| #define STDC_HEADERS 1
| #define HAVE_SYS_WAIT_H 1
| #define HAVE_SYS_TYPES_H 1
| #define HAVE_SYS_STAT_H 1
| #define HAVE_STDLIB_H 1
| #define HAVE_STRING_H 1
| #define HAVE_MEMORY_H 1
| #define HAVE_STRINGS_H 1
| #define HAVE_INTTYPES_H 1
| #define HAVE_STDINT_H 1
| #define HAVE_UNISTD_H 1
| #define HAVE_FCNTL_H 1
| #define HAVE_STDINT_H 1
| #define HAVE_STDLIB_H 1
| #define HAVE_STRING_H 1
| #define HAVE_UNISTD_H 1
| #define HAVE_FORK 1
| #define HAVE_VFORK 1
| #define HAVE_WORKING_VFORK 1
| #define HAVE_WORKING_FORK 1
| #define HAVE_FSEEKO 1
| #define HAVE_STDLIB_H 1
| #define HAVE_UNISTD_H 1
| #define HAVE_SYS_PARAM_H 1
| #define HAVE_GETPAGESIZE 1
| #define HAVE_MMAP 1
| /* end confdefs.h.  */
| #include <sys/types.h>
| #include <signal.h>
| 
| int
| main ()
| {
| return *(signal (0, 0)) (0) == 1;
|   ;
|   return 0;
| }
configure:5621: result: void
configure:5629: checking whether lstat correctly handles trailing slash
configure:5655: gcc -o conftest -O3   conftest.c -lpthread -lm  >&5
configure:5655: $? = 0
configure:5655: ./conftest
configure:5655: $? = 0
configure:5672: result: yes
configure:5691: checking whether stat accepts an empty string
configure:5711: gcc -o conftest -O3   conftest.c -lpthread -lm  >&5
configure:5711: $? = 0
configure:5711: ./conftest
configure:5711: $? = 0
configure:5721: result: no
configure:5737: checking for working strtod
configure:5778: gcc -o conftest -O3   conftest.c -lpthread -lm  >&5
configure:5778: $? = 0
configure:5778: ./conftest
configure:5778: $? = 0
configure:5788: result: yes
configure:5853: checking for dup2
configure:5853: gcc -o conftest -O3   conftest.c -lpthread -lm  >&5
configure:5853: $? = 0
configure:5853: result: yes
configure:5853: checking for memmove
configure:5853: gcc -o conftest -O3   conftest.c -lpthread -lm  >&5
conftest.c:65:6: warning: conflicting types for built-in function 'memmove'; expected 'void *(void *, const void *, long unsigned int)' [-Wbuiltin-declaration-mismatch]
   65 | char memmove ();
      |      ^~~~~~~
conftest.c:53:1: note: 'memmove' is declared in header '<string.h>'
   52 | # include <limits.h>
   53 | #else
configure:5853: $? = 0
configure:5853: result: yes
configure:5853: checking for memset
configure:5853: gcc -o conftest -O3   conftest.c -lpthread -lm  >&5
conftest.c:66:6: warning: conflicting types for built-in function 'memset'; expected 'void *(void *, int,  long unsigned int)' [-Wbuiltin-declaration-mismatch]
   66 | char memset ();
      |      ^~~~~~
conftest.c:54:1: note: 'memset' is declared in header '<string.h>'
   53 | # include <limits.h>
   54 | #else
configure:5853: $? = 0
configure:5853: result: yes
configure:5853: checking for munmap
configure:5853: gcc -o conftest -O3   conftest.c -lpthread -lm  >&5
configure:5853: $? = 0
configure:5853: result: yes
configure:5853: checking for regcomp
configure:5853: gcc -o conftest -O3   conftest.c -lpthread -lm  >&5
configure:5853: $? = 0
configure:5853: result: yes
configure:5853: checking for sqrt
configure:5853: gcc -o conftest -O3   conftest.c -lpthread -lm  >&5
conftest.c:69:6: warning: conflicting types for built-in function 'sqrt'; expected 'double(double)' [-Wbuiltin-declaration-mismatch]
   69 | char sqrt ();
      |      ^~~~
conftest.c:57:1: note: 'sqrt' is declared in header '<math.h>'
   56 | # include <limits.h>
   57 | #else
configure:5853: $? = 0
configure:5853: result: yes
configure:5853: checking for strdup
configure:5853: gcc -o conftest -O3   conftest.c -lpthread -lm  >&5
conftest.c:70:6: warning: conflicting types for built-in function 'strdup'; expected 'char *(const char *)' [-Wbuiltin-declaration-mismatch]
   70 | char strdup ();
      |      ^~~~~~
configure:5853: $? = 0
configure:5853: result: yes
configure:5853: checking for strerror
configure:5853: gcc -o conftest -O3   conftest.c -lpthread -lm  >&5
configure:5853: $? = 0
configure:5853: result: yes
configure:5853: checking for strtol
configure:5853: gcc -o conftest -O3   conftest.c -lpthread -lm  >&5
configure:5853: $? = 0
configure:5853: result: yes
configure:5969: checking that generated files are newer than configure
configure:5975: result: done
configure:6002: creating ./config.status

## ---------------------- ##
## Running config.status. ##
## ---------------------- ##

This file was extended by icsiboost config.status 0.3c, which was
generated by GNU Autoconf 2.69.  Invocation command line was

  CONFIG_FILES    = 
  CONFIG_HEADERS  = 
  CONFIG_LINKS    = 
  CONFIG_COMMANDS = 
  $ ./config.status 

on turing-pc

config.status:886: creating Makefile
config.status:886: creating src/Makefile
config.status:886: creating config.h
config.status:1067: config.h is unchanged
config.status:1115: executing depfiles commands
config.status:1192: cd src       && sed -e '/# am--include-marker/d' Makefile         | make -f - am--depfiles
make: Nothing to be done for 'am--depfiles'.
config.status:1197: $? = 0

## ---------------- ##
## Cache variables. ##
## ---------------- ##

ac_cv_c_compiler_gnu=yes
ac_cv_c_const=yes
ac_cv_c_inline=inline
ac_cv_cxx_compiler_gnu=yes
ac_cv_env_CCC_set=
ac_cv_env_CCC_value=
ac_cv_env_CC_set=
ac_cv_env_CC_value=
ac_cv_env_CFLAGS_set=set
ac_cv_env_CFLAGS_value=-O3
ac_cv_env_CPPFLAGS_set=
ac_cv_env_CPPFLAGS_value=
ac_cv_env_CPP_set=
ac_cv_env_CPP_value=
ac_cv_env_CXXFLAGS_set=
ac_cv_env_CXXFLAGS_value=
ac_cv_env_CXX_set=
ac_cv_env_CXX_value=
ac_cv_env_LDFLAGS_set=
ac_cv_env_LDFLAGS_value=
ac_cv_env_LIBS_set=
ac_cv_env_LIBS_value=
ac_cv_env_build_alias_set=
ac_cv_env_build_alias_value=
ac_cv_env_host_alias_set=
ac_cv_env_host_alias_value=
ac_cv_env_target_alias_set=
ac_cv_env_target_alias_value=
ac_cv_func_dup2=yes
ac_cv_func_fork=yes
ac_cv_func_fork_works=yes
ac_cv_func_getpagesize=yes
ac_cv_func_lstat_dereferences_slashed_symlink=yes
ac_cv_func_memcmp_working=yes
ac_cv_func_memmove=yes
ac_cv_func_memset=yes
ac_cv_func_mmap_fixed_mapped=yes
ac_cv_func_munmap=yes
ac_cv_func_regcomp=yes
ac_cv_func_sqrt=yes
ac_cv_func_stat_empty_string_bug=no
ac_cv_func_strdup=yes
ac_cv_func_strerror=yes
ac_cv_func_strtod=yes
ac_cv_func_strtol=yes
ac_cv_func_vfork=yes
ac_cv_func_vfork_works=yes
ac_cv_header_fcntl_h=yes
ac_cv_header_inttypes_h=yes
ac_cv_header_memory_h=yes
ac_cv_header_stdc=yes
ac_cv_header_stdint_h=yes
ac_cv_header_stdlib_h=yes
ac_cv_header_string_h=yes
ac_cv_header_strings_h=yes
ac_cv_header_sys_param_h=yes
ac_cv_header_sys_stat_h=yes
ac_cv_header_sys_types_h=yes
ac_cv_header_sys_wait_h=yes
ac_cv_header_unistd_h=yes
ac_cv_header_vfork_h=no
ac_cv_lib_m_main=yes
ac_cv_lib_pcre_main=no
ac_cv_lib_pthread_main=yes
ac_cv_lib_z_main=no
ac_cv_objext=o
ac_cv_path_EGREP='/usr/bin/grep -E'
ac_cv_path_GREP=/usr/bin/grep
ac_cv_path_install='/usr/bin/install -c'
ac_cv_path_mkdir=/usr/bin/mkdir
ac_cv_prog_AWK=mawk
ac_cv_prog_CPP='gcc -E'
ac_cv_prog_ac_ct_CC=gcc
ac_cv_prog_ac_ct_CXX=g++
ac_cv_prog_cc_c89=
ac_cv_prog_cc_g=yes
ac_cv_prog_cxx_g=yes
ac_cv_prog_make_make_set=yes
ac_cv_sys_largefile_source=no
ac_cv_type_off_t=yes
ac_cv_type_pid_t=yes
ac_cv_type_signal=void
ac_cv_type_size_t=yes
am_cv_CC_dependencies_compiler_type=gcc3
am_cv_CXX_dependencies_compiler_type=gcc3
am_cv_make_support_nested_variables=yes
am_cv_prog_cc_c_o=yes

## ----------------- ##
## Output variables. ##
## ----------------- ##

ACLOCAL='aclocal-1.16'
AMDEPBACKSLASH='\'
AMDEP_FALSE='#'
AMDEP_TRUE=''
AMTAR='$${TAR-tar}'
AM_BACKSLASH='\'
AM_DEFAULT_V='$(AM_DEFAULT_VERBOSITY)'
AM_DEFAULT_VERBOSITY='1'
AM_V='$(V)'
AUTOCONF='autoconf'
AUTOHEADER='autoheader'
AUTOMAKE='automake-1.16'
AWK='mawk'
CC='gcc'
CCDEPMODE='depmode=gcc3'
CFLAGS='-O3'
CPP='gcc -E'
CPPFLAGS=''
CXX='g++'
CXXDEPMODE='depmode=gcc3'
CXXFLAGS='-g -O2'
CYGPATH_W='echo'
DEFS='-DHAVE_CONFIG_H'
DEPDIR='.deps'
ECHO_C=''
ECHO_N='-n'
ECHO_T=''
EGREP='/usr/bin/grep -E'
EXEEXT=''
GREP='/usr/bin/grep'
INSTALL_DATA='${INSTALL} -m 644'
INSTALL_PROGRAM='${INSTALL}'
INSTALL_SCRIPT='${INSTALL}'
INSTALL_STRIP_PROGRAM='$(install_sh) -c -s'
LDFLAGS=''
LIBOBJS=''
LIBS='-lpthread -lm '
LTLIBOBJS=''
MAKEINFO='makeinfo'
MKDIR_P='/usr/bin/mkdir -p'
OBJEXT='o'
PACKAGE='icsiboost'
PACKAGE_BUGREPORT='favre@icsi.berkeley.edu'
PACKAGE_NAME='icsiboost'
PACKAGE_STRING='icsiboost 0.3c'
PACKAGE_TARNAME='icsiboost'
PACKAGE_URL=''
PACKAGE_VERSION='0.3c'
PATH_SEPARATOR=':'
POW_LIB=''
SET_MAKE=''
SHELL='/bin/bash'
STRIP=''
VERSION='0.3c'
ac_ct_CC='gcc'
ac_ct_CXX='g++'
am__EXEEXT_FALSE=''
am__EXEEXT_TRUE='#'
am__fastdepCC_FALSE='#'
am__fastdepCC_TRUE=''
am__fastdepCXX_FALSE='#'
am__fastdepCXX_TRUE=''
am__include='include'
am__isrc=''
am__leading_dot='.'
am__nodep='_no'
am__quote=''
am__tar='$${TAR-tar} chof - "$$tardir"'
am__untar='$${TAR-tar} xf -'
bindir='${exec_prefix}/bin'
build_alias=''
datadir='${datarootdir}'
datarootdir='${prefix}/share'
docdir='${datarootdir}/doc/${PACKAGE_TARNAME}'
dvidir='${docdir}'
exec_prefix='${prefix}'
host_alias=''
htmldir='${docdir}'
includedir='${prefix}/include'
infodir='${datarootdir}/info'
install_sh='${SHELL} /home/turing/icsiboost/install-sh'
libdir='${exec_prefix}/lib'
libexecdir='${exec_prefix}/libexec'
localedir='${datarootdir}/locale'
localstatedir='${prefix}/var'
mandir='${datarootdir}/man'
mkdir_p='$(MKDIR_P)'
oldincludedir='/usr/include'
pdfdir='${docdir}'
prefix='/home/turing'
program_transform_name='s,x,x,'
psdir='${docdir}'
runstatedir='${localstatedir}/run'
sbindir='${exec_prefix}/sbin'
sharedstatedir='${prefix}/com'
sysconfdir='${prefix}/etc'
target_alias=''

## ----------- ##
## confdefs.h. ##
## ----------- ##

/* confdefs.h */
#define PACKAGE_NAME "icsiboost"
#define PACKAGE_TARNAME "icsiboost"
#define PACKAGE_VERSION "0.3c"
#define PACKAGE_STRING "icsiboost 0.3c"
#define PACKAGE_BUGREPORT "favre@icsi.berkeley.edu"
#define PACKAGE_URL ""
#define PACKAGE "icsiboost"
#define VERSION "0.3c"
#define HAVE_LIBM 1
#define HAVE_LIBPTHREAD 1
#define STDC_HEADERS 1
#define HAVE_SYS_WAIT_H 1
#define HAVE_SYS_TYPES_H 1
#define HAVE_SYS_STAT_H 1
#define HAVE_STDLIB_H 1
#define HAVE_STRING_H 1
#define HAVE_MEMORY_H 1
#define HAVE_STRINGS_H 1
#define HAVE_INTTYPES_H 1
#define HAVE_STDINT_H 1
#define HAVE_UNISTD_H 1
#define HAVE_FCNTL_H 1
#define HAVE_STDINT_H 1
#define HAVE_STDLIB_H 1
#define HAVE_STRING_H 1
#define HAVE_UNISTD_H 1
#define HAVE_FORK 1
#define HAVE_VFORK 1
#define HAVE_WORKING_VFORK 1
#define HAVE_WORKING_FORK 1
#define HAVE_FSEEKO 1
#define HAVE_STDLIB_H 1
#define HAVE_UNISTD_H 1
#define HAVE_SYS_PARAM_H 1
#define HAVE_GETPAGESIZE 1
#define HAVE_MMAP 1
#define RETSIGTYPE void
#define LSTAT_FOLLOWS_SLASHED_SYMLINK 1
#define HAVE_DUP2 1
#define HAVE_MEMMOVE 1
#define HAVE_MEMSET 1
#define HAVE_MUNMAP 1
#define HAVE_REGCOMP 1
#define HAVE_SQRT 1
#define HAVE_STRDUP 1
#define HAVE_STRERROR 1
#define HAVE_STRTOL 1

configure: exit 0
